\BOOKMARK [0][]{bookmark.0.cover.0}{Cover page}{}% 1
\BOOKMARK [0][]{chapter.1}{1 Acknowledgements}{}% 2
\BOOKMARK [0][]{chapter.1}{Abbreviations and Acronyms}{}% 3
\BOOKMARK [0][]{bookmark.0.contents.0}{Contents}{}% 4
\BOOKMARK [0][]{chapter.2}{2 Introduction}{}% 5
\BOOKMARK [1][-]{subsection.2.0.1}{2.0.1 Research Problem}{chapter.2}% 6
\BOOKMARK [2][-]{subsection.2.0.2}{2.0.2 Research Questions}{subsection.2.0.1}% 7
\BOOKMARK [1][-]{section.2.1}{2.1 Structure of the Thesis}{chapter.2}% 8
\BOOKMARK [0][]{chapter.3}{3 Methods}{}% 9
\BOOKMARK [1][-]{subsection.3.0.1}{3.0.1 Case Study}{chapter.3}% 10
\BOOKMARK [2][-]{subsection.3.0.2}{3.0.2 Qualitative research}{subsection.3.0.1}% 11
\BOOKMARK [3][-]{subsubsection.3.0.2.1}{3.0.2.1 Data analysis}{subsection.3.0.2}% 12
\BOOKMARK [0][]{chapter.4}{4 Theory}{}% 13
\BOOKMARK [1][-]{subsection.4.0.1}{4.0.1 Barriers in sharing inter-enterprise data}{chapter.4}% 14
\BOOKMARK [2][-]{subsubsection.4.0.1.1}{4.0.1.1 Institutional Theory}{subsection.4.0.1}% 15
\BOOKMARK [2][-]{subsection.4.0.2}{4.0.2 Supporting factors for sharing data}{subsection.4.0.1}% 16
\BOOKMARK [3][-]{subsubsection.4.0.2.1}{4.0.2.1 Data Governance}{subsection.4.0.2}% 17
\BOOKMARK [3][-]{subsubsection.4.0.2.2}{4.0.2.2 Extended Enterprise}{subsection.4.0.2}% 18
\BOOKMARK [3][-]{subsubsection.4.0.2.3}{4.0.2.3 Business models}{subsection.4.0.2}% 19
\BOOKMARK [0][]{chapter.5}{5 Background}{}% 20
\BOOKMARK [1][-]{subsection.5.0.1}{5.0.1 Case description}{chapter.5}% 21
\BOOKMARK [2][-]{subsection.5.0.2}{5.0.2 Maintenance view}{subsection.5.0.1}% 22
\BOOKMARK [2][-]{subsection.5.0.3}{5.0.3 Information systems}{subsection.5.0.1}% 23
\BOOKMARK [3][-]{subsubsection.5.0.3.1}{5.0.3.1 Data models}{subsection.5.0.3}% 24
\BOOKMARK [0][]{chapter.6}{6 Results}{}% 25
\BOOKMARK [1][-]{subsection.6.0.1}{6.0.1 Barriers}{chapter.6}% 26
\BOOKMARK [0][]{chapter.7}{7 Evaluation}{}% 27
\BOOKMARK [0][]{chapter.8}{8 Discussion}{}% 28
\BOOKMARK [1][-]{subsection.8.0.1}{8.0.1 Avenues for further research}{chapter.8}% 29
\BOOKMARK [0][]{chapter.9}{9 Conclusions}{}% 30
\BOOKMARK [0][]{appendix.A}{A First appendix}{}% 31
